%!Adobe-FontList 1.14
%Locale:0x409

%BeginFont
Handler:DirectoryHandler
FontType:Type1
FontName:AvenirLTStd-Black
FamilyName:Avenir LT Std
StyleName:95 Black
FullName:Avenir LT Std 95 Black
MenuName:Avenir LT Std 65 Medium
StyleBits:2
WritingScript:Roman
OutlineFileName:\\Vautility\vadata_08\Clients\Bodypoint (BDP)\BDP-110070_Documentation_and_Design\_3_Design\_2_Design_Guidelines\Document fonts\AvenirLTStd-Black.otf
DataFormat:sfntData
UsesStandardEncoding:yes
isCFF:yes
FileLength:27912
FileModTime:1352297222
WeightClass:750
WidthClass:5
AngleClass:0
%EndFont

%BeginFont
Handler:DirectoryHandler
FontType:Type1
FontName:AvenirLTStd-Book
FamilyName:Avenir LT Std
StyleName:45 Book
FullName:Avenir LT Std 45 Book
MenuName:Avenir LT Std 45 Book
StyleBits:0
WritingScript:Roman
OutlineFileName:\\Vautility\vadata_08\Clients\Bodypoint (BDP)\BDP-110070_Documentation_and_Design\_3_Design\_2_Design_Guidelines\Document fonts\AvenirLTStd-Book.otf
DataFormat:sfntData
UsesStandardEncoding:yes
isCFF:yes
FileLength:27444
FileModTime:1352297222
WeightClass:350
WidthClass:5
AngleClass:0
%EndFont

%BeginFont
Handler:DirectoryHandler
FontType:Type1
FontName:AvenirLTStd-Heavy
FamilyName:Avenir LT Std
StyleName:85 Heavy
FullName:Avenir LT Std 85 Heavy
MenuName:Avenir LT Std 55 Roman
StyleBits:2
WritingScript:Roman
OutlineFileName:\\Vautility\vadata_08\Clients\Bodypoint (BDP)\BDP-110070_Documentation_and_Design\_3_Design\_2_Design_Guidelines\Document fonts\AvenirLTStd-Heavy.otf
DataFormat:sfntData
UsesStandardEncoding:yes
isCFF:yes
FileLength:27640
FileModTime:1352297222
WeightClass:700
WidthClass:5
AngleClass:0
%EndFont

%BeginFont
Handler:DirectoryHandler
FontType:Type1
FontName:AvenirLTStd-Light
FamilyName:Avenir LT Std
StyleName:35 Light
FullName:Avenir LT Std 35 Light
MenuName:Avenir LT Std 35 Light
StyleBits:0
WritingScript:Roman
OutlineFileName:\\Vautility\vadata_08\Clients\Bodypoint (BDP)\BDP-110070_Documentation_and_Design\_3_Design\_2_Design_Guidelines\Document fonts\AvenirLTStd-Light.otf
DataFormat:sfntData
UsesStandardEncoding:yes
isCFF:yes
FileLength:27240
FileModTime:1352297222
WeightClass:300
WidthClass:5
AngleClass:0
%EndFont

%BeginFont
Handler:DirectoryHandler
FontType:Type1
FontName:AvenirLTStd-Medium
FamilyName:Avenir LT Std
StyleName:65 Medium
FullName:Avenir LT Std 65 Medium
MenuName:Avenir LT Std 65 Medium
StyleBits:0
WritingScript:Roman
OutlineFileName:\\Vautility\vadata_08\Clients\Bodypoint (BDP)\BDP-110070_Documentation_and_Design\_3_Design\_2_Design_Guidelines\Document fonts\AvenirLTStd-Medium.otf
DataFormat:sfntData
UsesStandardEncoding:yes
isCFF:yes
FileLength:27264
FileModTime:1352297222
WeightClass:600
WidthClass:5
AngleClass:0
%EndFont

%BeginFont
Handler:DirectoryHandler
FontType:Type1
FontName:AvenirLTStd-Roman
FamilyName:Avenir LT Std
StyleName:55 Roman
FullName:Avenir LT Std 55 Roman
MenuName:Avenir LT Std 55 Roman
StyleBits:0
WritingScript:Roman
OutlineFileName:\\Vautility\vadata_08\Clients\Bodypoint (BDP)\BDP-110070_Documentation_and_Design\_3_Design\_2_Design_Guidelines\Document fonts\AvenirLTStd-Roman.otf
DataFormat:sfntData
UsesStandardEncoding:yes
isCFF:yes
FileLength:27176
FileModTime:1352297222
WeightClass:400
WidthClass:5
AngleClass:0
%EndFont

%BeginFont
Handler:DirectoryHandler
FontType:TrueType
FontName:TimesNewRomanPSMT
FamilyName:Times New Roman
StyleName:Regular
FullName:Times New Roman
MenuName:Times New Roman
StyleBits:0
WritingScript:Roman
OutlineFileName:\\Vautility\vadata_08\Clients\Bodypoint (BDP)\BDP-110070_Documentation_and_Design\_3_Design\_2_Design_Guidelines\Document fonts\times.ttf
DataFormat:sfntData
FileLength:834240
FileModTime:1352297222
WeightClass:400
WidthClass:5
AngleClass:0
%EndFont

%BeginFont
Handler:DirectoryHandler
FontType:TrueType
FontName:Wingdings-Regular
FamilyName:Wingdings
StyleName:Regular
FullName:Wingdings
MenuName:Wingdings
StyleBits:0
WritingScript:Roman
OutlineFileName:\\Vautility\vadata_08\Clients\Bodypoint (BDP)\BDP-110070_Documentation_and_Design\_3_Design\_2_Design_Guidelines\Document fonts\wingding.ttf
DataFormat:sfntData
FileLength:83740
FileModTime:1352297222
WeightClass:400
WidthClass:5
AngleClass:0
%EndFont

%BeginFont
Handler:DirectoryHandler
FontType:TrueType
FontName:Wingdings2
FamilyName:Wingdings 2
StyleName:Regular
FullName:Wingdings 2
MenuName:Wingdings 2
StyleBits:0
WritingScript:Roman
OutlineFileName:\\Vautility\vadata_08\Clients\Bodypoint (BDP)\BDP-110070_Documentation_and_Design\_3_Design\_2_Design_Guidelines\Document fonts\WINGDNG2.TTF
DataFormat:sfntData
FileLength:65788
FileModTime:1352297222
WeightClass:400
WidthClass:5
AngleClass:0
%EndFont

